2026-06-21 12:26:03,223 | INFO     | app.core.logging_config | Logging configured | level=INFO | env=development
2026-06-21 12:26:03,243 | INFO     | app.main | Starting AI Document Intelligence Platform | env=development
2026-06-21 12:26:03,245 | ERROR    | app.db.session | Failed to initialise the database
Traceback (most recent call last):
  File "C:\Users\DELL\AppData\Local\Programs\Python\Python312\Lib\site-packages\sqlalchemy\engine\base.py", line 144, in __init__
    self._dbapi_connection = engine.raw_connection()
                             ^^^^^^^^^^^^^^^^^^^^^^^
  File "C:\Users\DELL\AppData\Local\Programs\Python\Python312\Lib\site-packages\sqlalchemy\engine\base.py", line 3319, in raw_connection
    return self.pool.connect()
           ^^^^^^^^^^^^^^^^^^^
  File "C:\Users\DELL\AppData\Local\Programs\Python\Python312\Lib\site-packages\sqlalchemy\pool\base.py", line 448, in connect
    return _ConnectionFairy._checkout(self)
           ^^^^^^^^^^^^^^^^^^^^^^^^^^^^^^^^
  File "C:\Users\DELL\AppData\Local\Programs\Python\Python312\Lib\site-packages\sqlalchemy\pool\base.py", line 1272, in _checkout
    fairy = _ConnectionRecord.checkout(pool)
            ^^^^^^^^^^^^^^^^^^^^^^^^^^^^^^^^
  File "C:\Users\DELL\AppData\Local\Programs\Python\Python312\Lib\site-packages\sqlalchemy\pool\base.py", line 712, in checkout
    rec = pool._do_get()
          ^^^^^^^^^^^^^^
  File "C:\Users\DELL\AppData\Local\Programs\Python\Python312\Lib\site-packages\sqlalchemy\pool\impl.py", line 178, in _do_get
    with util.safe_reraise():
  File "C:\Users\DELL\AppData\Local\Programs\Python\Python312\Lib\site-packages\sqlalchemy\util\langhelpers.py", line 122, in __exit__
    raise exc_value.with_traceback(exc_tb)
  File "C:\Users\DELL\AppData\Local\Programs\Python\Python312\Lib\site-packages\sqlalchemy\pool\impl.py", line 176, in _do_get
    return self._create_connection()
           ^^^^^^^^^^^^^^^^^^^^^^^^^
  File "C:\Users\DELL\AppData\Local\Programs\Python\Python312\Lib\site-packages\sqlalchemy\pool\base.py", line 389, in _create_connection
    return _ConnectionRecord(self)
           ^^^^^^^^^^^^^^^^^^^^^^^
  File "C:\Users\DELL\AppData\Local\Programs\Python\Python312\Lib\site-packages\sqlalchemy\pool\base.py", line 674, in __init__
    self.__connect()
  File "C:\Users\DELL\AppData\Local\Programs\Python\Python312\Lib\site-packages\sqlalchemy\pool\base.py", line 900, in __connect
    with util.safe_reraise():
  File "C:\Users\DELL\AppData\Local\Programs\Python\Python312\Lib\site-packages\sqlalchemy\util\langhelpers.py", line 122, in __exit__
    raise exc_value.with_traceback(exc_tb)
  File "C:\Users\DELL\AppData\Local\Programs\Python\Python312\Lib\site-packages\sqlalchemy\pool\base.py", line 896, in __connect
    self.dbapi_connection = connection = pool._invoke_creator(self)
                                         ^^^^^^^^^^^^^^^^^^^^^^^^^^
  File "C:\Users\DELL\AppData\Local\Programs\Python\Python312\Lib\site-packages\sqlalchemy\engine\create.py", line 667, in connect
    return dialect.connect(*cargs_tup, **cparams)
           ^^^^^^^^^^^^^^^^^^^^^^^^^^^^^^^^^^^^^^
  File "C:\Users\DELL\AppData\Local\Programs\Python\Python312\Lib\site-packages\sqlalchemy\engine\default.py", line 630, in connect
    return self.loaded_dbapi.connect(*cargs, **cparams)  # type: ignore[no-any-return]  # NOQA: E501
           ^^^^^^^^^^^^^^^^^^^^^^^^^^^^^^^^^^^^^^^^^^^^
sqlite3.OperationalError: unable to open database file

The above exception was the direct cause of the following exception:

Traceback (most recent call last):
  File "D:\project on\backend\app\db\session.py", line 50, in init_db
    Base.metadata.create_all(bind=engine)
  File "C:\Users\DELL\AppData\Local\Programs\Python\Python312\Lib\site-packages\sqlalchemy\sql\schema.py", line 5930, in create_all
    bind._run_ddl_visitor(
  File "C:\Users\DELL\AppData\Local\Programs\Python\Python312\Lib\site-packages\sqlalchemy\engine\base.py", line 3269, in _run_ddl_visitor
    with self.begin() as conn:
  File "C:\Users\DELL\AppData\Local\Programs\Python\Python312\Lib\contextlib.py", line 137, in __enter__
    return next(self.gen)
           ^^^^^^^^^^^^^^
  File "C:\Users\DELL\AppData\Local\Programs\Python\Python312\Lib\site-packages\sqlalchemy\engine\base.py", line 3259, in begin
    with self.connect() as conn:
         ^^^^^^^^^^^^^^
  File "C:\Users\DELL\AppData\Local\Programs\Python\Python312\Lib\site-packages\sqlalchemy\engine\base.py", line 3295, in connect
    return self._connection_cls(self)
           ^^^^^^^^^^^^^^^^^^^^^^^^^^
  File "C:\Users\DELL\AppData\Local\Programs\Python\Python312\Lib\site-packages\sqlalchemy\engine\base.py", line 146, in __init__
    Connection._handle_dbapi_exception_noconnection(
  File "C:\Users\DELL\AppData\Local\Programs\Python\Python312\Lib\site-packages\sqlalchemy\engine\base.py", line 2450, in _handle_dbapi_exception_noconnection
    raise sqlalchemy_exception.with_traceback(exc_info[2]) from e
  File "C:\Users\DELL\AppData\Local\Programs\Python\Python312\Lib\site-packages\sqlalchemy\engine\base.py", line 144, in __init__
    self._dbapi_connection = engine.raw_connection()
                             ^^^^^^^^^^^^^^^^^^^^^^^
  File "C:\Users\DELL\AppData\Local\Programs\Python\Python312\Lib\site-packages\sqlalchemy\engine\base.py", line 3319, in raw_connection
    return self.pool.connect()
           ^^^^^^^^^^^^^^^^^^^
  File "C:\Users\DELL\AppData\Local\Programs\Python\Python312\Lib\site-packages\sqlalchemy\pool\base.py", line 448, in connect
    return _ConnectionFairy._checkout(self)
           ^^^^^^^^^^^^^^^^^^^^^^^^^^^^^^^^
  File "C:\Users\DELL\AppData\Local\Programs\Python\Python312\Lib\site-packages\sqlalchemy\pool\base.py", line 1272, in _checkout
    fairy = _ConnectionRecord.checkout(pool)
            ^^^^^^^^^^^^^^^^^^^^^^^^^^^^^^^^
  File "C:\Users\DELL\AppData\Local\Programs\Python\Python312\Lib\site-packages\sqlalchemy\pool\base.py", line 712, in checkout
    rec = pool._do_get()
          ^^^^^^^^^^^^^^
  File "C:\Users\DELL\AppData\Local\Programs\Python\Python312\Lib\site-packages\sqlalchemy\pool\impl.py", line 178, in _do_get
    with util.safe_reraise():
  File "C:\Users\DELL\AppData\Local\Programs\Python\Python312\Lib\site-packages\sqlalchemy\util\langhelpers.py", line 122, in __exit__
    raise exc_value.with_traceback(exc_tb)
  File "C:\Users\DELL\AppData\Local\Programs\Python\Python312\Lib\site-packages\sqlalchemy\pool\impl.py", line 176, in _do_get
    return self._create_connection()
           ^^^^^^^^^^^^^^^^^^^^^^^^^
  File "C:\Users\DELL\AppData\Local\Programs\Python\Python312\Lib\site-packages\sqlalchemy\pool\base.py", line 389, in _create_connection
    return _ConnectionRecord(self)
           ^^^^^^^^^^^^^^^^^^^^^^^
  File "C:\Users\DELL\AppData\Local\Programs\Python\Python312\Lib\site-packages\sqlalchemy\pool\base.py", line 674, in __init__
    self.__connect()
  File "C:\Users\DELL\AppData\Local\Programs\Python\Python312\Lib\site-packages\sqlalchemy\pool\base.py", line 900, in __connect
    with util.safe_reraise():
  File "C:\Users\DELL\AppData\Local\Programs\Python\Python312\Lib\site-packages\sqlalchemy\util\langhelpers.py", line 122, in __exit__
    raise exc_value.with_traceback(exc_tb)
  File "C:\Users\DELL\AppData\Local\Programs\Python\Python312\Lib\site-packages\sqlalchemy\pool\base.py", line 896, in __connect
    self.dbapi_connection = connection = pool._invoke_creator(self)
                                         ^^^^^^^^^^^^^^^^^^^^^^^^^^
  File "C:\Users\DELL\AppData\Local\Programs\Python\Python312\Lib\site-packages\sqlalchemy\engine\create.py", line 667, in connect
    return dialect.connect(*cargs_tup, **cparams)
           ^^^^^^^^^^^^^^^^^^^^^^^^^^^^^^^^^^^^^^
  File "C:\Users\DELL\AppData\Local\Programs\Python\Python312\Lib\site-packages\sqlalchemy\engine\default.py", line 630, in connect
    return self.loaded_dbapi.connect(*cargs, **cparams)  # type: ignore[no-any-return]  # NOQA: E501
           ^^^^^^^^^^^^^^^^^^^^^^^^^^^^^^^^^^^^^^^^^^^^
sqlalchemy.exc.OperationalError: (sqlite3.OperationalError) unable to open database file
(Background on this error at: https://sqlalche.me/e/20/e3q8)
2026-06-21 12:27:04,054 | INFO     | app.core.logging_config | Logging configured | level=INFO | env=development
2026-06-21 12:27:04,073 | INFO     | app.main | Starting AI Document Intelligence Platform | env=development
2026-06-21 12:27:04,094 | INFO     | app.db.session | Database initialised | url=sqlite:///D:/project on/data/app.db
2026-06-21 12:27:04,096 | INFO     | httpx | HTTP Request: GET http://testserver/health "HTTP/1.1 200 OK"
2026-06-21 12:27:04,098 | INFO     | httpx | HTTP Request: GET http://testserver/ "HTTP/1.1 200 OK"
2026-06-21 12:27:04,098 | INFO     | app.main | Shutting down AI Document Intelligence Platform
2026-06-21 12:41:43,375 | INFO     | app.core.logging_config | Logging configured | level=INFO | env=development
2026-06-21 12:41:43,576 | INFO     | httpx | HTTP Request: GET http://testserver/health "HTTP/1.1 200 OK"
2026-06-21 12:41:43,939 | INFO     | app.services.user_service | Registered new user | id=1 | username=jane
2026-06-21 12:41:43,941 | INFO     | httpx | HTTP Request: POST http://testserver/auth/register "HTTP/1.1 201 Created"
2026-06-21 12:41:44,152 | INFO     | app.services.user_service | Registered new user | id=1 | username=jane
2026-06-21 12:41:44,154 | INFO     | httpx | HTTP Request: POST http://testserver/auth/register "HTTP/1.1 201 Created"
2026-06-21 12:41:44,158 | INFO     | httpx | HTTP Request: POST http://testserver/auth/register "HTTP/1.1 409 Conflict"
2026-06-21 12:41:44,352 | INFO     | app.services.user_service | Registered new user | id=1 | username=jane
2026-06-21 12:41:44,354 | INFO     | httpx | HTTP Request: POST http://testserver/auth/register "HTTP/1.1 201 Created"
2026-06-21 12:41:44,553 | INFO     | httpx | HTTP Request: POST http://testserver/auth/login "HTTP/1.1 200 OK"
2026-06-21 12:41:44,557 | INFO     | httpx | HTTP Request: GET http://testserver/auth/me "HTTP/1.1 200 OK"
2026-06-21 12:41:44,763 | INFO     | app.services.user_service | Registered new user | id=1 | username=jane
2026-06-21 12:41:44,766 | INFO     | httpx | HTTP Request: POST http://testserver/auth/register "HTTP/1.1 201 Created"
2026-06-21 12:41:45,010 | INFO     | app.services.user_service | Login failed | bad password | username=jane
2026-06-21 12:41:45,014 | INFO     | httpx | HTTP Request: POST http://testserver/auth/login "HTTP/1.1 401 Unauthorized"
2026-06-21 12:41:45,025 | INFO     | httpx | HTTP Request: GET http://testserver/documents "HTTP/1.1 401 Unauthorized"
2026-06-21 12:41:45,321 | INFO     | app.services.user_service | Registered new user | id=1 | username=jane
2026-06-21 12:41:45,325 | INFO     | httpx | HTTP Request: POST http://testserver/auth/register "HTTP/1.1 201 Created"
2026-06-21 12:41:45,568 | INFO     | httpx | HTTP Request: POST http://testserver/auth/login "HTTP/1.1 200 OK"
2026-06-21 12:41:45,576 | INFO     | app.services.document_service | Stored document | id=1 | user=1 | chars=33 | file=note.txt
2026-06-21 12:41:45,578 | INFO     | httpx | HTTP Request: POST http://testserver/documents/upload "HTTP/1.1 201 Created"
2026-06-21 12:41:45,585 | INFO     | httpx | HTTP Request: GET http://testserver/documents "HTTP/1.1 200 OK"
2026-06-21 12:42:04,646 | INFO     | app.core.logging_config | Logging configured | level=INFO | env=development
2026-06-21 12:42:25,529 | INFO     | app.core.logging_config | Logging configured | level=INFO | env=development
2026-06-21 12:42:25,571 | INFO     | app.main | Starting AI Document Intelligence Platform | env=development
2026-06-21 12:42:25,591 | INFO     | app.db.session | Database initialised | url=sqlite:///D:/project on/data/app.db
2026-06-21 12:42:25,593 | INFO     | httpx | HTTP Request: GET http://testserver/health "HTTP/1.1 200 OK"
2026-06-21 12:42:25,819 | INFO     | app.services.user_service | Registered new user | id=1 | username=demo
2026-06-21 12:42:25,820 | INFO     | httpx | HTTP Request: POST http://testserver/auth/register "HTTP/1.1 201 Created"
2026-06-21 12:42:26,027 | INFO     | httpx | HTTP Request: POST http://testserver/auth/login "HTTP/1.1 200 OK"
2026-06-21 12:42:26,034 | INFO     | app.services.document_service | Stored document | id=1 | user=1 | chars=21 | file=demo.txt
2026-06-21 12:42:26,034 | INFO     | httpx | HTTP Request: POST http://testserver/documents/upload "HTTP/1.1 201 Created"
2026-06-21 12:42:26,036 | INFO     | httpx | HTTP Request: GET http://testserver/documents "HTTP/1.1 200 OK"
2026-06-21 12:42:26,036 | INFO     | app.main | Shutting down AI Document Intelligence Platform
2026-06-21 13:35:04,752 | INFO     | app.core.logging_config | Logging configured | level=INFO | env=development
2026-06-21 13:40:32,376 | INFO     | app.core.logging_config | Logging configured | level=INFO | env=development
2026-06-21 13:40:32,668 | INFO     | httpx | HTTP Request: GET http://testserver/health "HTTP/1.1 200 OK"
2026-06-21 13:40:33,249 | INFO     | app.services.user_service | Registered new user | id=1 | username=jane
2026-06-21 13:40:33,249 | INFO     | httpx | HTTP Request: POST http://testserver/auth/register "HTTP/1.1 201 Created"
2026-06-21 13:40:33,739 | INFO     | app.services.user_service | Registered new user | id=1 | username=jane
2026-06-21 13:40:33,741 | INFO     | httpx | HTTP Request: POST http://testserver/auth/register "HTTP/1.1 201 Created"
2026-06-21 13:40:33,751 | INFO     | httpx | HTTP Request: POST http://testserver/auth/register "HTTP/1.1 409 Conflict"
2026-06-21 13:40:34,230 | INFO     | app.services.user_service | Registered new user | id=1 | username=jane
2026-06-21 13:40:34,230 | INFO     | httpx | HTTP Request: POST http://testserver/auth/register "HTTP/1.1 201 Created"
2026-06-21 13:40:34,733 | INFO     | httpx | HTTP Request: POST http://testserver/auth/login "HTTP/1.1 200 OK"
2026-06-21 13:40:34,748 | INFO     | httpx | HTTP Request: GET http://testserver/auth/me "HTTP/1.1 200 OK"
2026-06-21 13:40:35,262 | INFO     | app.services.user_service | Registered new user | id=1 | username=jane
2026-06-21 13:40:35,262 | INFO     | httpx | HTTP Request: POST http://testserver/auth/register "HTTP/1.1 201 Created"
2026-06-21 13:40:35,780 | INFO     | app.services.user_service | Login failed | bad password | username=jane
2026-06-21 13:40:35,782 | INFO     | httpx | HTTP Request: POST http://testserver/auth/login "HTTP/1.1 401 Unauthorized"
2026-06-21 13:40:35,802 | INFO     | httpx | HTTP Request: GET http://testserver/documents "HTTP/1.1 401 Unauthorized"
2026-06-21 13:40:36,331 | INFO     | app.services.user_service | Registered new user | id=1 | username=jane
2026-06-21 13:40:36,331 | INFO     | httpx | HTTP Request: POST http://testserver/auth/register "HTTP/1.1 201 Created"
2026-06-21 13:40:36,825 | INFO     | httpx | HTTP Request: POST http://testserver/auth/login "HTTP/1.1 200 OK"
2026-06-21 13:40:36,836 | INFO     | app.services.storage | Saved file | user=1 | path=C:\Users\DELL\AppData\Local\Temp\pytest-of-DELL\pytest-0\test_upload_and_list_documents0\uploads\1\2293851f615f4abca7b3710f10d5e5f8__note.txt | bytes=33
2026-06-21 13:40:36,842 | INFO     | app.services.document_service | Stored document | id=1 | user=1 | ext=.txt | chars=33 | file=note.txt
2026-06-21 13:40:36,842 | INFO     | httpx | HTTP Request: POST http://testserver/documents/upload "HTTP/1.1 201 Created"
2026-06-21 13:40:36,856 | INFO     | httpx | HTTP Request: GET http://testserver/documents "HTTP/1.1 200 OK"
2026-06-21 13:40:37,349 | INFO     | app.services.user_service | Registered new user | id=1 | username=docuser
2026-06-21 13:40:37,349 | INFO     | httpx | HTTP Request: POST http://testserver/auth/register "HTTP/1.1 201 Created"
2026-06-21 13:40:37,814 | INFO     | httpx | HTTP Request: POST http://testserver/auth/login "HTTP/1.1 200 OK"
2026-06-21 13:40:37,825 | INFO     | app.services.storage | Saved file | user=1 | path=C:\Users\DELL\AppData\Local\Temp\pytest-of-DELL\pytest-0\test_upload_txt0\uploads\1\48020f90c315404588e7621cab32520a__note.txt | bytes=33
2026-06-21 13:40:37,830 | INFO     | app.services.document_service | Stored document | id=1 | user=1 | ext=.txt | chars=25 | file=note.txt
2026-06-21 13:40:37,830 | INFO     | httpx | HTTP Request: POST http://testserver/documents/upload "HTTP/1.1 201 Created"
2026-06-21 13:40:38,311 | INFO     | app.services.user_service | Registered new user | id=1 | username=docuser
2026-06-21 13:40:38,313 | INFO     | httpx | HTTP Request: POST http://testserver/auth/register "HTTP/1.1 201 Created"
2026-06-21 13:40:38,775 | INFO     | httpx | HTTP Request: POST http://testserver/auth/login "HTTP/1.1 200 OK"
2026-06-21 13:40:39,292 | INFO     | app.services.storage | Saved file | user=1 | path=C:\Users\DELL\AppData\Local\Temp\pytest-of-DELL\pytest-0\test_upload_docx0\uploads\1\6c8540a4e7d94208ae09fe222fa4e024__report.docx | bytes=36597
2026-06-21 13:40:39,300 | INFO     | app.services.document_service | Stored document | id=1 | user=1 | ext=.docx | chars=27 | file=report.docx
2026-06-21 13:40:39,300 | INFO     | httpx | HTTP Request: POST http://testserver/documents/upload "HTTP/1.1 201 Created"
2026-06-21 13:40:39,776 | INFO     | app.services.user_service | Registered new user | id=1 | username=docuser
2026-06-21 13:40:39,780 | INFO     | httpx | HTTP Request: POST http://testserver/auth/register "HTTP/1.1 201 Created"
2026-06-21 13:40:40,251 | INFO     | httpx | HTTP Request: POST http://testserver/auth/login "HTTP/1.1 200 OK"
2026-06-21 13:40:40,265 | INFO     | httpx | HTTP Request: POST http://testserver/documents/upload "HTTP/1.1 415 Unsupported Media Type"
2026-06-21 13:40:40,737 | INFO     | app.services.user_service | Registered new user | id=1 | username=docuser
2026-06-21 13:40:40,740 | INFO     | httpx | HTTP Request: POST http://testserver/auth/register "HTTP/1.1 201 Created"
2026-06-21 13:40:41,230 | INFO     | httpx | HTTP Request: POST http://testserver/auth/login "HTTP/1.1 200 OK"
2026-06-21 13:40:41,238 | INFO     | httpx | HTTP Request: POST http://testserver/documents/upload "HTTP/1.1 400 Bad Request"
2026-06-21 13:40:41,723 | INFO     | app.services.user_service | Registered new user | id=1 | username=docuser
2026-06-21 13:40:41,726 | INFO     | httpx | HTTP Request: POST http://testserver/auth/register "HTTP/1.1 201 Created"
2026-06-21 13:40:42,184 | INFO     | httpx | HTTP Request: POST http://testserver/auth/login "HTTP/1.1 200 OK"
2026-06-21 13:40:42,198 | INFO     | app.services.storage | Saved file | user=1 | path=C:\Users\DELL\AppData\Local\Temp\pytest-of-DELL\pytest-0\test_history_lists_newest_firs0\uploads\1\1f850b56f34e4ba385576ac8e195b631__f0.txt | bytes=9
2026-06-21 13:40:42,200 | INFO     | app.services.document_service | Stored document | id=1 | user=1 | ext=.txt | chars=9 | file=f0.txt
2026-06-21 13:40:42,202 | INFO     | httpx | HTTP Request: POST http://testserver/documents/upload "HTTP/1.1 201 Created"
2026-06-21 13:40:42,213 | INFO     | app.services.storage | Saved file | user=1 | path=C:\Users\DELL\AppData\Local\Temp\pytest-of-DELL\pytest-0\test_history_lists_newest_firs0\uploads\1\76bce8b83eb44ed1abe18bbe507fe607__f1.txt | bytes=9
2026-06-21 13:40:42,219 | INFO     | app.services.document_service | Stored document | id=2 | user=1 | ext=.txt | chars=9 | file=f1.txt
2026-06-21 13:40:42,224 | INFO     | httpx | HTTP Request: POST http://testserver/documents/upload "HTTP/1.1 201 Created"
2026-06-21 13:40:42,232 | INFO     | httpx | HTTP Request: GET http://testserver/documents "HTTP/1.1 200 OK"
2026-06-21 13:40:42,722 | INFO     | app.services.user_service | Registered new user | id=1 | username=docuser
2026-06-21 13:40:42,722 | INFO     | httpx | HTTP Request: POST http://testserver/auth/register "HTTP/1.1 201 Created"
2026-06-21 13:40:43,193 | INFO     | httpx | HTTP Request: POST http://testserver/auth/login "HTTP/1.1 200 OK"
2026-06-21 13:40:43,202 | INFO     | app.services.storage | Saved file | user=1 | path=C:\Users\DELL\AppData\Local\Temp\pytest-of-DELL\pytest-0\test_get_detail_returns_cleane0\uploads\1\7fa8e38cf76b4e9cb4ac88dfe9089c26__d.txt | bytes=19
2026-06-21 13:40:43,202 | INFO     | app.services.document_service | Stored document | id=1 | user=1 | ext=.txt | chars=19 | file=d.txt
2026-06-21 13:40:43,210 | INFO     | httpx | HTTP Request: POST http://testserver/documents/upload "HTTP/1.1 201 Created"
2026-06-21 13:40:43,218 | INFO     | httpx | HTTP Request: GET http://testserver/documents/1 "HTTP/1.1 200 OK"
2026-06-21 13:40:43,715 | INFO     | app.services.user_service | Registered new user | id=1 | username=docuser
2026-06-21 13:40:43,728 | INFO     | httpx | HTTP Request: POST http://testserver/auth/register "HTTP/1.1 201 Created"
2026-06-21 13:40:44,196 | INFO     | httpx | HTTP Request: POST http://testserver/auth/login "HTTP/1.1 200 OK"
2026-06-21 13:40:44,217 | INFO     | app.services.storage | Saved file | user=1 | path=C:\Users\DELL\AppData\Local\Temp\pytest-of-DELL\pytest-0\test_delete_document0\uploads\1\3c0b3959c5c941b18330fab781294539__gone.txt | bytes=13
2026-06-21 13:40:44,217 | INFO     | app.services.document_service | Stored document | id=1 | user=1 | ext=.txt | chars=13 | file=gone.txt
2026-06-21 13:40:44,217 | INFO     | httpx | HTTP Request: POST http://testserver/documents/upload "HTTP/1.1 201 Created"
2026-06-21 13:40:44,228 | INFO     | app.services.storage | Deleted file | path=C:\Users\DELL\AppData\Local\Temp\pytest-of-DELL\pytest-0\test_delete_document0\uploads\1\3c0b3959c5c941b18330fab781294539__gone.txt
2026-06-21 13:40:44,228 | INFO     | app.services.document_service | Deleted document | id=1 | user=1
2026-06-21 13:40:44,228 | INFO     | httpx | HTTP Request: DELETE http://testserver/documents/1 "HTTP/1.1 204 No Content"
2026-06-21 13:40:44,245 | INFO     | httpx | HTTP Request: GET http://testserver/documents/1 "HTTP/1.1 404 Not Found"
2026-06-21 13:40:44,710 | INFO     | app.services.user_service | Registered new user | id=1 | username=alice
2026-06-21 13:40:44,720 | INFO     | httpx | HTTP Request: POST http://testserver/auth/register "HTTP/1.1 201 Created"
2026-06-21 13:40:45,174 | INFO     | httpx | HTTP Request: POST http://testserver/auth/login "HTTP/1.1 200 OK"
2026-06-21 13:40:45,190 | INFO     | app.services.storage | Saved file | user=1 | path=C:\Users\DELL\AppData\Local\Temp\pytest-of-DELL\pytest-0\test_cannot_access_other_users0\uploads\1\5661fcb4fd8a468f97e6159abb49deec__a.txt | bytes=12
2026-06-21 13:40:45,190 | INFO     | app.services.document_service | Stored document | id=1 | user=1 | ext=.txt | chars=12 | file=a.txt
2026-06-21 13:40:45,190 | INFO     | httpx | HTTP Request: POST http://testserver/documents/upload "HTTP/1.1 201 Created"
2026-06-21 13:40:45,684 | INFO     | app.services.user_service | Registered new user | id=2 | username=bob
2026-06-21 13:40:45,684 | INFO     | httpx | HTTP Request: POST http://testserver/auth/register "HTTP/1.1 201 Created"
2026-06-21 13:40:46,184 | INFO     | httpx | HTTP Request: POST http://testserver/auth/login "HTTP/1.1 200 OK"
2026-06-21 13:40:46,192 | INFO     | httpx | HTTP Request: GET http://testserver/documents/1 "HTTP/1.1 404 Not Found"
2026-06-21 13:40:46,200 | INFO     | httpx | HTTP Request: DELETE http://testserver/documents/1 "HTTP/1.1 404 Not Found"
2026-06-21 13:41:03,103 | INFO     | app.core.logging_config | Logging configured | level=INFO | env=development
2026-06-21 13:41:03,373 | INFO     | app.main | Starting AI Document Intelligence Platform | env=development
2026-06-21 13:41:03,396 | INFO     | app.db.session | Database initialised | url=sqlite:///D:/project on/data/app.db
2026-06-21 13:41:03,413 | INFO     | httpx | HTTP Request: POST http://testserver/auth/register "HTTP/1.1 422 Unprocessable Entity"
2026-06-21 13:41:03,433 | INFO     | app.services.user_service | Login failed | unknown username=w2
2026-06-21 13:41:03,433 | INFO     | httpx | HTTP Request: POST http://testserver/auth/login "HTTP/1.1 401 Unauthorized"
2026-06-21 13:41:03,433 | INFO     | app.main | Shutting down AI Document Intelligence Platform
2026-06-21 13:41:30,377 | INFO     | app.core.logging_config | Logging configured | level=INFO | env=development
2026-06-21 13:41:30,626 | INFO     | app.main | Starting AI Document Intelligence Platform | env=development
2026-06-21 13:41:30,653 | INFO     | app.db.session | Database initialised | url=sqlite:///D:/project on/data/app.db
2026-06-21 13:41:30,662 | INFO     | httpx | HTTP Request: POST http://testserver/auth/register "HTTP/1.1 422 Unprocessable Entity"
2026-06-21 13:41:30,680 | INFO     | app.services.user_service | Login failed | unknown username=w2
2026-06-21 13:41:30,680 | INFO     | httpx | HTTP Request: POST http://testserver/auth/login "HTTP/1.1 401 Unauthorized"
2026-06-21 13:41:30,680 | INFO     | app.main | Shutting down AI Document Intelligence Platform
2026-06-21 13:41:48,702 | INFO     | app.core.logging_config | Logging configured | level=INFO | env=development
2026-06-21 13:41:48,954 | INFO     | app.main | Starting AI Document Intelligence Platform | env=development
2026-06-21 13:41:48,985 | INFO     | app.db.session | Database initialised | url=sqlite:///D:/project on/data/app.db
2026-06-21 13:41:49,573 | INFO     | app.services.user_service | Registered new user | id=1 | username=weektwo
2026-06-21 13:41:49,581 | INFO     | httpx | HTTP Request: POST http://testserver/auth/register "HTTP/1.1 201 Created"
2026-06-21 13:41:50,054 | INFO     | httpx | HTTP Request: POST http://testserver/auth/login "HTTP/1.1 200 OK"
2026-06-21 13:41:50,108 | INFO     | app.services.storage | Saved file | user=1 | path=D:\project on\data\uploads\1\737293faf51447e1bb3f5b39bffa1b15__q3.docx | bytes=36597
2026-06-21 13:41:50,132 | INFO     | app.services.document_service | Stored document | id=1 | user=1 | ext=.docx | chars=23 | file=q3.docx
2026-06-21 13:41:50,134 | INFO     | httpx | HTTP Request: POST http://testserver/documents/upload "HTTP/1.1 201 Created"
2026-06-21 13:41:50,136 | INFO     | app.services.storage | Saved file | user=1 | path=D:\project on\data\uploads\1\2d3391ec3b764c878ac46786e1963b9c__messy.txt | bytes=28
2026-06-21 13:41:50,140 | INFO     | app.services.document_service | Stored document | id=2 | user=1 | ext=.txt | chars=21 | file=messy.txt
2026-06-21 13:41:50,140 | INFO     | httpx | HTTP Request: POST http://testserver/documents/upload "HTTP/1.1 201 Created"
2026-06-21 13:41:50,149 | INFO     | httpx | HTTP Request: GET http://testserver/documents/1 "HTTP/1.1 200 OK"
2026-06-21 13:41:50,157 | INFO     | httpx | HTTP Request: GET http://testserver/documents "HTTP/1.1 200 OK"
2026-06-21 13:41:50,157 | INFO     | app.services.storage | Deleted file | path=D:\project on\data\uploads\1\737293faf51447e1bb3f5b39bffa1b15__q3.docx
2026-06-21 13:41:50,174 | INFO     | app.services.document_service | Deleted document | id=1 | user=1
2026-06-21 13:41:50,174 | INFO     | httpx | HTTP Request: DELETE http://testserver/documents/1 "HTTP/1.1 204 No Content"
2026-06-21 13:41:50,180 | INFO     | httpx | HTTP Request: GET http://testserver/documents "HTTP/1.1 200 OK"
2026-06-21 13:41:50,181 | INFO     | app.main | Shutting down AI Document Intelligence Platform
